e:\mario\mario\mario\x64\debug\vc141.pdb
e:\mario\mario\mario\x64\debug\vc141.idb
e:\mario\mario\mario\x64\debug\menumanager.obj
e:\mario\mario\mario\x64\debug\menuoption.obj
e:\mario\mario\mario\x64\debug\minion.obj
e:\mario\mario\mario\x64\debug\mushroom.obj
e:\mario\mario\mario\x64\debug\object.obj
e:\mario\mario\mario\x64\debug\optionmenu.obj
e:\mario\mario\mario\x64\debug\pausemenu.obj
e:\mario\mario\mario\x64\debug\pipe.obj
e:\mario\mario\mario\x64\debug\plant.obj
e:\mario\mario\mario\x64\debug\platform.obj
e:\mario\mario\mario\x64\debug\player.obj
e:\mario\mario\mario\x64\debug\spikey.obj
e:\mario\mario\mario\x64\debug\squid.obj
e:\mario\mario\mario\x64\debug\star.obj
e:\mario\mario\mario\x64\debug\textures.obj
e:\mario\mario\mario\x64\debug\tileset.obj
e:\mario\mario\mario\x64\debug\toad.obj
e:\mario\mario\mario\x64\debug\txt.obj
e:\mario\mario\mario\x64\debug\vine.obj
e:\mario\mario\mario\x64\debug\windows.obj
e:\mario\mario\mario\x64\debug\beetle.obj
e:\mario\mario\mario\x64\debug\bowser.obj
e:\mario\mario\mario\x64\debug\bulletbill.obj
e:\mario\mario\mario\x64\debug\cheep.obj
e:\mario\mario\mario\x64\debug\eventgame.obj
e:\mario\mario\mario\x64\debug\fire.obj
e:\mario\mario\mario\x64\debug\fireball.obj
e:\mario\mario\mario\x64\debug\flag.obj
e:\mario\mario\mario\x64\debug\flower.obj
e:\mario\mario\mario\x64\debug\game.obj
e:\mario\mario\mario\x64\debug\goombas.obj
e:\mario\mario\mario\x64\debug\hammer.obj
e:\mario\mario\mario\x64\debug\hammerbro.obj
e:\mario\mario\mario\x64\debug\koopa.obj
e:\mario\mario\mario\x64\debug\lakito.obj
e:\mario\mario\mario\x64\debug\loadingmenu.obj
e:\mario\mario\mario\x64\debug\main.obj
e:\mario\mario\mario\x64\debug\mainmenu.obj
e:\mario\mario\mario\x64\debug\map.obj
e:\mario\mario\mario\x64\debug\menu.obj
e:\mario\mario\mario\x64\debug\animals.obj
e:\mario\mario\mario\x64\debug\animation.obj
e:\mario\mario\x64\debug\mario.ilk
e:\mario\mario\x64\debug\mario.exe
e:\mario\mario\x64\debug\mario.pdb
e:\mario\mario\mario\x64\debug\mario.tlog\cl.command.1.tlog
e:\mario\mario\mario\x64\debug\mario.tlog\cl.read.1.tlog
e:\mario\mario\mario\x64\debug\mario.tlog\cl.write.1.tlog
e:\mario\mario\mario\x64\debug\mario.tlog\link.command.1.tlog
e:\mario\mario\mario\x64\debug\mario.tlog\link.read.1.tlog
e:\mario\mario\mario\x64\debug\mario.tlog\link.write.1.tlog
