  Windows.cpp
  Txt.cpp
  Toad.cpp
  TileSet.cpp
  Textures.cpp
  Star.cpp
  Squid.cpp
  Spikey.cpp
  Player.cpp
  Platform.cpp
  Plant.cpp
  Pipe.cpp
  PauseMenu.cpp
  OptionMenu.cpp
  Object.cpp
  Mushroom.cpp
  Minion.cpp
  MenuOption.cpp
  MenuManager.cpp
  Menu.cpp
  Generating Code...
  Compiling...
  Map.cpp
  MainMenu.cpp
  main.cpp
  LoadingMenu.cpp
  Lakito.cpp
  Koopa.cpp
  HammerBro.cpp
  Hammer.cpp
  Goombas.cpp
  Game.cpp
  Flower.cpp
  Flag.cpp
  FireBall.cpp
  Fire.cpp
  EventGame.cpp
  Cheep.cpp
  BulletBill.cpp
  Bowser.cpp
  Beetle.cpp
  Animation.cpp
  Generating Code...
  Mario.vcxproj -> E:\Mario\Mario\x64\Debug\Mario.exe
